[INFO]  [EventDispatcher] [2022/05/15 03:17:58] [TID:00000038] [EventDispatcher] AddEvent() start eventCode[1] receiver[058a9470]

[INFO]  [EventDispatcher] [2022/05/15 03:17:58] [TID:00000038] [EventDispatcher] AddEvent() signaled

[INFO]  [EventDispatcher] [2022/05/15 03:17:58] [TID:00000038] [EventDispatcher] AddEvent() out handled[1]

[INFO]  [EventDispatcher] [2022/05/15 03:17:58] [TID:00000003] [EventBase] PeekEvent() wake successfully from the empty queue eventList[058a4150:timerEventList]

[INFO]  [EventDispatcher] [2022/05/15 03:17:58] [TID:00000003] [EventBase] PeekEvent() get successfully from the event queue[058a4150:timerEventList]

[INFO]  [EventDispatcher] [2022/05/15 03:17:58] [TID:00000003] [eventMain] eventCode [1], what[-1]
[INFO]  [EventDispatcher] [2022/05/15 10:59:53] [TID:00000038] [EventDispatcher] AddEvent() start eventCode[1] receiver[058a9470]

[INFO]  [EventDispatcher] [2022/05/15 10:59:53] [TID:00000038] [EventDispatcher] AddEvent() signaled

[INFO]  [EventDispatcher] [2022/05/15 10:59:53] [TID:00000038] [EventDispatcher] AddEvent() out handled[1]

[INFO]  [EventDispatcher] [2022/05/15 10:59:53] [TID:00000003] [EventBase] PeekEvent() wake successfully from the empty queue eventList[058a4150:timerEventList]

[INFO]  [EventDispatcher] [2022/05/15 10:59:53] [TID:00000003] [EventBase] PeekEvent() get successfully from the event queue[058a4150:timerEventList]

[INFO]  [EventDispatcher] [2022/05/15 10:59:53] [TID:00000003] [eventMain] eventCode [1], what[-1]
[INFO]  [EventDispatcher] [2022/05/15 11:00:03] [TID:00000038] [EventDispatcher] AddEvent() start eventCode[1] receiver[058a9470]

[INFO]  [EventDispatcher] [2022/05/15 11:00:03] [TID:00000038] [EventDispatcher] AddEvent() signaled

[INFO]  [EventDispatcher] [2022/05/15 11:00:03] [TID:00000038] [EventDispatcher] AddEvent() out handled[1]

[INFO]  [EventDispatcher] [2022/05/15 11:00:03] [TID:00000003] [EventBase] PeekEvent() wake successfully from the empty queue eventList[058a4150:timerEventList]

[INFO]  [EventDispatcher] [2022/05/15 11:00:03] [TID:00000003] [EventBase] PeekEvent() get successfully from the event queue[058a4150:timerEventList]

[INFO]  [EventDispatcher] [2022/05/15 11:00:03] [TID:00000003] [eventMain] eventCode [1], what[-1]
[INFO]  [EventDispatcher] [2022/05/15 11:00:13] [TID:00000038] [EventDispatcher] AddEvent() start eventCode[1] receiver[058a9470]

[INFO]  [EventDispatcher] [2022/05/15 11:00:13] [TID:00000038] [EventDispatcher] AddEvent() signaled

[INFO]  [EventDispatcher] [2022/05/15 11:00:13] [TID:00000038] [EventDispatcher] AddEvent() out handled[1]

[INFO]  [EventDispatcher] [2022/05/15 11:00:13] [TID:00000003] [EventBase] PeekEvent() wake successfully from the empty queue eventList[058a4150:timerEventList]

[INFO]  [EventDispatcher] [2022/05/15 11:00:13] [TID:00000003] [EventBase] PeekEvent() get successfully from the event queue[058a4150:timerEventList]

[INFO]  [EventDispatcher] [2022/05/15 11:00:13] [TID:00000003] [eventMain] eventCode [1], what[-1]
[INFO]  [EventDispatcher] [2022/05/15 11:00:23] [TID:00000038] [EventDispatcher] AddEvent() start eventCode[1] receiver[058a9470]

[INFO]  [EventDispatcher] [2022/05/15 11:00:23] [TID:00000038] [EventDispatcher] AddEvent() signaled

[INFO]  [EventDispatcher] [2022/05/15 11:00:23] [TID:00000038] [EventDispatcher] AddEvent() out handled[1]

[INFO]  [EventDispatcher] [2022/05/15 11:00:23] [TID:00000003] [EventBase] PeekEvent() wake successfully from the empty queue eventList[058a4150:timerEventList]

[INFO]  [EventDispatcher] [2022/05/15 11:00:23] [TID:00000003] [EventBase] PeekEvent() get successfully from the event queue[058a4150:timerEventList]

[INFO]  [EventDispatcher] [2022/05/15 11:00:23] [TID:00000003] [eventMain] eventCode [1], what[-1]
[INFO]  [EventDispatcher] [2022/05/15 11:00:33] [TID:00000038] [EventDispatcher] AddEvent() start eventCode[1] receiver[058a9470]

[INFO]  [EventDispatcher] [2022/05/15 11:00:33] [TID:00000038] [EventDispatcher] AddEvent() signaled

[INFO]  [EventDispatcher] [2022/05/15 11:00:33] [TID:00000038] [EventDispatcher] AddEvent() out handled[1]

[INFO]  [EventDispatcher] [2022/05/15 11:00:33] [TID:00000003] [EventBase] PeekEvent() wake successfully from the empty queue eventList[058a4150:timerEventList]

[INFO]  [EventDispatcher] [2022/05/15 11:00:33] [TID:00000003] [EventBase] PeekEvent() get successfully from the event queue[058a4150:timerEventList]

[INFO]  [EventDispatcher] [2022/05/15 11:00:33] [TID:00000003] [eventMain] eventCode [1], what[-1]
[INFO]  [EventDispatcher] [2022/05/15 11:00:43] [TID:00000038] [EventDispatcher] AddEvent() start eventCode[1] receiver[058a9470]

[INFO]  [EventDispatcher] [2022/05/15 11:00:43] [TID:00000038] [EventDispatcher] AddEvent() signaled

[INFO]  [EventDispatcher] [2022/05/15 11:00:43] [TID:00000038] [EventDispatcher] AddEvent() out handled[1]

[INFO]  [EventDispatcher] [2022/05/15 11:00:43] [TID:00000003] [EventBase] PeekEvent() wake successfully from the empty queue eventList[058a4150:timerEventList]

[INFO]  [EventDispatcher] [2022/05/15 11:00:43] [TID:00000003] [EventBase] PeekEvent() get successfully from the event queue[058a4150:timerEventList]

[INFO]  [EventDispatcher] [2022/05/15 11:00:43] [TID:00000003] [eventMain] eventCode [1], what[-1]
[INFO]  [EventDispatcher] [2022/05/15 11:00:53] [TID:00000038] [EventDispatcher] AddEvent() start eventCode[1] receiver[058a9470]

[INFO]  [EventDispatcher] [2022/05/15 11:00:53] [TID:00000038] [EventDispatcher] AddEvent() signaled

[INFO]  [EventDispatcher] [2022/05/15 11:00:53] [TID:00000038] [EventDispatcher] AddEvent() out handled[1]

[INFO]  [EventDispatcher] [2022/05/15 11:00:53] [TID:00000003] [EventBase] PeekEvent() wake successfully from the empty queue eventList[058a4150:timerEventList]

[INFO]  [EventDispatcher] [2022/05/15 11:00:53] [TID:00000003] [EventBase] PeekEvent() get successfully from the event queue[058a4150:timerEventList]

[INFO]  [EventDispatcher] [2022/05/15 11:00:53] [TID:00000003] [eventMain] eventCode [1], what[-1]
[INFO]  [EventDispatcher] [2022/05/15 11:01:03] [TID:00000038] [EventDispatcher] AddEvent() start eventCode[1] receiver[058a9470]

[INFO]  [EventDispatcher] [2022/05/15 11:01:03] [TID:00000038] [EventDispatcher] AddEvent() signaled

[INFO]  [EventDispatcher] [2022/05/15 11:01:03] [TID:00000038] [EventDispatcher] AddEvent() out handled[1]

[INFO]  [EventDispatcher] [2022/05/15 11:01:03] [TID:00000003] [EventBase] PeekEvent() wake successfully from the empty queue eventList[058a4150:timerEventList]

[INFO]  [EventDispatcher] [2022/05/15 11:01:03] [TID:00000003] [EventBase] PeekEvent() get successfully from the event queue[058a4150:timerEventList]

[INFO]  [EventDispatcher] [2022/05/15 11:01:03] [TID:00000003] [eventMain] eventCode [1], what[-1]
[INFO]  [EventDispatcher] [2022/05/15 11:01:13] [TID:00000038] [EventDispatcher] AddEvent() start eventCode[1] receiver[058a9470]

[INFO]  [EventDispatcher] [2022/05/15 11:01:13] [TID:00000038] [EventDispatcher] AddEvent() signaled

[INFO]  [EventDispatcher] [2022/05/15 11:01:13] [TID:00000038] [EventDispatcher] AddEvent() out handled[1]

[INFO]  [EventDispatcher] [2022/05/15 11:01:13] [TID:00000003] [EventBase] PeekEvent() wake successfully from the empty queue eventList[058a4150:timerEventList]

[INFO]  [EventDispatcher] [2022/05/15 11:01:13] [TID:00000003] [EventBase] PeekEvent() get successfully from the event queue[058a4150:timerEventList]

[INFO]  [EventDispatcher] [2022/05/15 11:01:13] [TID:00000003] [eventMain] eventCode [1], what[-1]
[INFO]  [EventDispatcher] [2022/05/15 11:01:23] [TID:00000038] [EventDispatcher] AddEvent() start eventCode[1] receiver[058a9470]

[INFO]  [EventDispatcher] [2022/05/15 11:01:23] [TID:00000038] [EventDispatcher] AddEvent() signaled

[INFO]  [EventDispatcher] [2022/05/15 11:01:23] [TID:00000038] [EventDispatcher] AddEvent() out handled[1]

[INFO]  [EventDispatcher] [2022/05/15 11:01:23] [TID:00000003] [EventBase] PeekEvent() wake successfully from the empty queue eventList[058a4150:timerEventList]

[INFO]  [EventDispatcher] [2022/05/15 11:01:23] [TID:00000003] [EventBase] PeekEvent() get successfully from the event queue[058a4150:timerEventList]

[INFO]  [EventDispatcher] [2022/05/15 11:01:23] [TID:00000003] [eventMain] eventCode [1], what[-1]
[INFO]  [EventDispatcher] [2022/05/15 11:01:33] [TID:00000038] [EventDispatcher] AddEvent() start eventCode[1] receiver[058a9470]

[INFO]  [EventDispatcher] [2022/05/15 11:01:33] [TID:00000038] [EventDispatcher] AddEvent() signaled

[INFO]  [EventDispatcher] [2022/05/15 11:01:33] [TID:00000038] [EventDispatcher] AddEvent() out handled[1]

[INFO]  [EventDispatcher] [2022/05/15 11:01:33] [TID:00000003] [EventBase] PeekEvent() wake successfully from the empty queue eventList[058a4150:timerEventList]

[INFO]  [EventDispatcher] [2022/05/15 11:01:33] [TID:00000003] [EventBase] PeekEvent() get successfully from the event queue[058a4150:timerEventList]

[INFO]  [EventDispatcher] [2022/05/15 11:01:33] [TID:00000003] [eventMain] eventCode [1], what[-1]
[INFO]  [EventDispatcher] [2022/05/15 11:01:43] [TID:00000038] [EventDispatcher] AddEvent() start eventCode[1] receiver[058a9470]

[INFO]  [EventDispatcher] [2022/05/15 11:01:43] [TID:00000038] [EventDispatcher] AddEvent() signaled

[INFO]  [EventDispatcher] [2022/05/15 11:01:43] [TID:00000038] [EventDispatcher] AddEvent() out handled[1]

[INFO]  [EventDispatcher] [2022/05/15 11:01:43] [TID:00000003] [EventBase] PeekEvent() wake successfully from the empty queue eventList[058a4150:timerEventList]

[INFO]  [EventDispatcher] [2022/05/15 11:01:43] [TID:00000003] [EventBase] PeekEvent() get successfully from the event queue[058a4150:timerEventList]

[INFO]  [EventDispatcher] [2022/05/15 11:01:43] [TID:00000003] [eventMain] eventCode [1], what[-1]
[INFO]  [EventDispatcher] [2022/05/15 11:01:53] [TID:00000038] [EventDispatcher] AddEvent() start eventCode[1] receiver[058a9470]

[INFO]  [EventDispatcher] [2022/05/15 11:01:53] [TID:00000038] [EventDispatcher] AddEvent() signaled

[INFO]  [EventDispatcher] [2022/05/15 11:01:53] [TID:00000038] [EventDispatcher] AddEvent() out handled[1]

[INFO]  [EventDispatcher] [2022/05/15 11:01:53] [TID:00000003] [EventBase] PeekEvent() wake successfully from the empty queue eventList[058a4150:timerEventList]

[INFO]  [EventDispatcher] [2022/05/15 11:01:53] [TID:00000003] [EventBase] PeekEvent() get successfully from the event queue[058a4150:timerEventList]

[INFO]  [EventDispatcher] [2022/05/15 11:01:53] [TID:00000003] [eventMain] eventCode [1], what[-1]
[INFO]  [EventDispatcher] [2022/05/15 11:02:03] [TID:00000038] [EventDispatcher] AddEvent() start eventCode[1] receiver[058a9470]

[INFO]  [EventDispatcher] [2022/05/15 11:02:03] [TID:00000038] [EventDispatcher] AddEvent() signaled

[INFO]  [EventDispatcher] [2022/05/15 11:02:03] [TID:00000038] [EventDispatcher] AddEvent() out handled[1]

[INFO]  [EventDispatcher] [2022/05/15 11:02:03] [TID:00000003] [EventBase] PeekEvent() wake successfully from the empty queue eventList[058a4150:timerEventList]

[INFO]  [EventDispatcher] [2022/05/15 11:02:03] [TID:00000003] [EventBase] PeekEvent() get successfully from the event queue[058a4150:timerEventList]

[INFO]  [EventDispatcher] [2022/05/15 11:02:03] [TID:00000003] [eventMain] eventCode [1], what[-1]
[INFO]  [EventDispatcher] [2022/05/15 11:02:13] [TID:00000038] [EventDispatcher] AddEvent() start eventCode[1] receiver[058a9470]

[INFO]  [EventDispatcher] [2022/05/15 11:02:13] [TID:00000038] [EventDispatcher] AddEvent() signaled

[INFO]  [EventDispatcher] [2022/05/15 11:02:13] [TID:00000038] [EventDispatcher] AddEvent() out handled[1]

[INFO]  [EventDispatcher] [2022/05/15 11:02:13] [TID:00000003] [EventBase] PeekEvent() wake successfully from the empty queue eventList[058a4150:timerEventList]

[INFO]  [EventDispatcher] [2022/05/15 11:02:13] [TID:00000003] [EventBase] PeekEvent() get successfully from the event queue[058a4150:timerEventList]

[INFO]  [EventDispatcher] [2022/05/15 11:02:13] [TID:00000003] [eventMain] eventCode [1], what[-1]
[INFO]  [EventDispatcher] [2022/05/15 11:02:23] [TID:00000038] [EventDispatcher] AddEvent() start eventCode[1] receiver[058a9470]

[INFO]  [EventDispatcher] [2022/05/15 11:02:23] [TID:00000038] [EventDispatcher] AddEvent() signaled

[INFO]  [EventDispatcher] [2022/05/15 11:02:23] [TID:00000038] [EventDispatcher] AddEvent() out handled[1]

[INFO]  [EventDispatcher] [2022/05/15 11:02:23] [TID:00000003] [EventBase] PeekEvent() wake successfully from the empty queue eventList[058a4150:timerEventList]

[INFO]  [EventDispatcher] [2022/05/15 11:02:23] [TID:00000003] [EventBase] PeekEvent() get successfully from the event queue[058a4150:timerEventList]

[INFO]  [EventDispatcher] [2022/05/15 11:02:23] [TID:00000003] [eventMain] eventCode [1], what[-1]
[INFO]  [EventDispatcher] [2022/05/15 11:02:33] [TID:00000038] [EventDispatcher] AddEvent() start eventCode[1] receiver[058a9470]

[INFO]  [EventDispatcher] [2022/05/15 11:02:33] [TID:00000038] [EventDispatcher] AddEvent() signaled

[INFO]  [EventDispatcher] [2022/05/15 11:02:33] [TID:00000038] [EventDispatcher] AddEvent() out handled[1]

[INFO]  [EventDispatcher] [2022/05/15 11:02:33] [TID:00000003] [EventBase] PeekEvent() wake successfully from the empty queue eventList[058a4150:timerEventList]

[INFO]  [EventDispatcher] [2022/05/15 11:02:33] [TID:00000003] [EventBase] PeekEvent() get successfully from the event queue[058a4150:timerEventList]

[INFO]  [EventDispatcher] [2022/05/15 11:02:33] [TID:00000003] [eventMain] eventCode [1], what[-1]
[INFO]  [EventDispatcher] [2022/05/15 11:02:43] [TID:00000038] [EventDispatcher] AddEvent() start eventCode[1] receiver[058a9470]

[INFO]  [EventDispatcher] [2022/05/15 11:02:43] [TID:00000038] [EventDispatcher] AddEvent() signaled

[INFO]  [EventDispatcher] [2022/05/15 11:02:43] [TID:00000038] [EventDispatcher] AddEvent() out handled[1]

[INFO]  [EventDispatcher] [2022/05/15 11:02:43] [TID:00000003] [EventBase] PeekEvent() wake successfully from the empty queue eventList[058a4150:timerEventList]

[INFO]  [EventDispatcher] [2022/05/15 11:02:43] [TID:00000003] [EventBase] PeekEvent() get successfully from the event queue[058a4150:timerEventList]

[INFO]  [EventDispatcher] [2022/05/15 11:02:43] [TID:00000003] [eventMain] eventCode [1], what[-1]
[INFO]  [EventDispatcher] [2022/05/15 11:02:53] [TID:00000038] [EventDispatcher] AddEvent() start eventCode[1] receiver[058a9470]

[INFO]  [EventDispatcher] [2022/05/15 11:02:53] [TID:00000038] [EventDispatcher] AddEvent() signaled

[INFO]  [EventDispatcher] [2022/05/15 11:02:53] [TID:00000038] [EventDispatcher] AddEvent() out handled[1]

[INFO]  [EventDispatcher] [2022/05/15 11:02:53] [TID:00000003] [EventBase] PeekEvent() wake successfully from the empty queue eventList[058a4150:timerEventList]

[INFO]  [EventDispatcher] [2022/05/15 11:02:53] [TID:00000003] [EventBase] PeekEvent() get successfully from the event queue[058a4150:timerEventList]

[INFO]  [EventDispatcher] [2022/05/15 11:02:53] [TID:00000003] [eventMain] eventCode [1], what[-1]
[INFO]  [EventDispatcher] [2022/05/15 11:03:03] [TID:00000038] [EventDispatcher] AddEvent() start eventCode[1] receiver[058a9470]

[INFO]  [EventDispatcher] [2022/05/15 11:03:03] [TID:00000038] [EventDispatcher] AddEvent() signaled

[INFO]  [EventDispatcher] [2022/05/15 11:03:03] [TID:00000038] [EventDispatcher] AddEvent() out handled[1]

[INFO]  [EventDispatcher] [2022/05/15 11:03:03] [TID:00000003] [EventBase] PeekEvent() wake successfully from the empty queue eventList[058a4150:timerEventList]

[INFO]  [EventDispatcher] [2022/05/15 11:03:03] [TID:00000003] [EventBase] PeekEvent() get successfully from the event queue[058a4150:timerEventList]

[INFO]  [EventDispatcher] [2022/05/15 11:03:03] [TID:00000003] [eventMain] eventCode [1], what[-1]
[INFO]  [EventDispatcher] [2022/05/15 11:03:13] [TID:00000038] [EventDispatcher] AddEvent() start eventCode[1] receiver[058a9470]

[INFO]  [EventDispatcher] [2022/05/15 11:03:13] [TID:00000038] [EventDispatcher] AddEvent() signaled

[INFO]  [EventDispatcher] [2022/05/15 11:03:13] [TID:00000038] [EventDispatcher] AddEvent() out handled[1]

[INFO]  [EventDispatcher] [2022/05/15 11:03:13] [TID:00000003] [EventBase] PeekEvent() wake successfully from the empty queue eventList[058a4150:timerEventList]

[INFO]  [EventDispatcher] [2022/05/15 11:03:13] [TID:00000003] [EventBase] PeekEvent() get successfully from the event queue[058a4150:timerEventList]

[INFO]  [EventDispatcher] [2022/05/15 11:03:13] [TID:00000003] [eventMain] eventCode [1], what[-1]
[INFO]  [EventDispatcher] [2022/05/15 11:03:23] [TID:00000038] [EventDispatcher] AddEvent() start eventCode[1] receiver[058a9470]

[INFO]  [EventDispatcher] [2022/05/15 11:03:23] [TID:00000038] [EventDispatcher] AddEvent() signaled

[INFO]  [EventDispatcher] [2022/05/15 11:03:23] [TID:00000038] [EventDispatcher] AddEvent() out handled[1]

[INFO]  [EventDispatcher] [2022/05/15 11:03:23] [TID:00000003] [EventBase] PeekEvent() wake successfully from the empty queue eventList[058a4150:timerEventList]

[INFO]  [EventDispatcher] [2022/05/15 11:03:23] [TID:00000003] [EventBase] PeekEvent() get successfully from the event queue[058a4150:timerEventList]

[INFO]  [EventDispatcher] [2022/05/15 11:03:23] [TID:00000003] [eventMain] eventCode [1], what[-1]
[INFO]  [EventDispatcher] [2022/05/15 11:03:33] [TID:00000038] [EventDispatcher] AddEvent() start eventCode[1] receiver[058a9470]

[INFO]  [EventDispatcher] [2022/05/15 11:03:33] [TID:00000038] [EventDispatcher] AddEvent() signaled

[INFO]  [EventDispatcher] [2022/05/15 11:03:33] [TID:00000038] [EventDispatcher] AddEvent() out handled[1]

[INFO]  [EventDispatcher] [2022/05/15 11:03:33] [TID:00000003] [EventBase] PeekEvent() wake successfully from the empty queue eventList[058a4150:timerEventList]

[INFO]  [EventDispatcher] [2022/05/15 11:03:33] [TID:00000003] [EventBase] PeekEvent() get successfully from the event queue[058a4150:timerEventList]

[INFO]  [EventDispatcher] [2022/05/15 11:03:33] [TID:00000003] [eventMain] eventCode [1], what[-1]
[INFO]  [EventDispatcher] [2022/05/15 11:03:43] [TID:00000038] [EventDispatcher] AddEvent() start eventCode[1] receiver[058a9470]

[INFO]  [EventDispatcher] [2022/05/15 11:03:43] [TID:00000038] [EventDispatcher] AddEvent() signaled

[INFO]  [EventDispatcher] [2022/05/15 11:03:43] [TID:00000038] [EventDispatcher] AddEvent() out handled[1]

[INFO]  [EventDispatcher] [2022/05/15 11:03:43] [TID:00000003] [EventBase] PeekEvent() wake successfully from the empty queue eventList[058a4150:timerEventList]

[INFO]  [EventDispatcher] [2022/05/15 11:03:43] [TID:00000003] [EventBase] PeekEvent() get successfully from the event queue[058a4150:timerEventList]

[INFO]  [EventDispatcher] [2022/05/15 11:03:43] [TID:00000003] [eventMain] eventCode [1], what[-1]
[INFO]  [EventDispatcher] [2022/05/15 11:03:53] [TID:00000038] [EventDispatcher] AddEvent() start eventCode[1] receiver[058a9470]

[INFO]  [EventDispatcher] [2022/05/15 11:03:53] [TID:00000038] [EventDispatcher] AddEvent() signaled

[INFO]  [EventDispatcher] [2022/05/15 11:03:53] [TID:00000038] [EventDispatcher] AddEvent() out handled[1]

[INFO]  [EventDispatcher] [2022/05/15 11:03:53] [TID:00000003] [EventBase] PeekEvent() wake successfully from the empty queue eventList[058a4150:timerEventList]

[INFO]  [EventDispatcher] [2022/05/15 11:03:53] [TID:00000003] [EventBase] PeekEvent() get successfully from the event queue[058a4150:timerEventList]

[INFO]  [EventDispatcher] [2022/05/15 11:03:53] [TID:00000003] [eventMain] eventCode [1], what[-1]
[INFO]  [EventDispatcher] [2022/05/15 11:04:03] [TID:00000038] [EventDispatcher] AddEvent() start eventCode[1] receiver[058a9470]

[INFO]  [EventDispatcher] [2022/05/15 11:04:03] [TID:00000038] [EventDispatcher] AddEvent() signaled

[INFO]  [EventDispatcher] [2022/05/15 11:04:03] [TID:00000038] [EventDispatcher] AddEvent() out handled[1]

[INFO]  [EventDispatcher] [2022/05/15 11:04:03] [TID:00000003] [EventBase] PeekEvent() wake successfully from the empty queue eventList[058a4150:timerEventList]

[INFO]  [EventDispatcher] [2022/05/15 11:04:03] [TID:00000003] [EventBase] PeekEvent() get successfully from the event queue[058a4150:timerEventList]

[INFO]  [EventDispatcher] [2022/05/15 11:04:03] [TID:00000003] [eventMain] eventCode [1], what[-1]
[INFO]  [EventDispatcher] [2022/05/15 11:04:13] [TID:00000038] [EventDispatcher] AddEvent() start eventCode[1] receiver[058a9470]

[INFO]  [EventDispatcher] [2022/05/15 11:04:13] [TID:00000038] [EventDispatcher] AddEvent() signaled

[INFO]  [EventDispatcher] [2022/05/15 11:04:13] [TID:00000038] [EventDispatcher] AddEvent() out handled[1]

[INFO]  [EventDispatcher] [2022/05/15 11:04:13] [TID:00000003] [EventBase] PeekEvent() wake successfully from the empty queue eventList[058a4150:timerEventList]

[INFO]  [EventDispatcher] [2022/05/15 11:04:13] [TID:00000003] [EventBase] PeekEvent() get successfully from the event queue[058a4150:timerEventList]

[INFO]  [EventDispatcher] [2022/05/15 11:04:13] [TID:00000003] [eventMain] eventCode [1], what[-1]
[INFO]  [EventDispatcher] [2022/05/15 11:04:23] [TID:00000038] [EventDispatcher] AddEvent() start eventCode[1] receiver[058a9470]

[INFO]  [EventDispatcher] [2022/05/15 11:04:23] [TID:00000038] [EventDispatcher] AddEvent() signaled

[INFO]  [EventDispatcher] [2022/05/15 11:04:23] [TID:00000038] [EventDispatcher] AddEvent() out handled[1]

[INFO]  [EventDispatcher] [2022/05/15 11:04:23] [TID:00000003] [EventBase] PeekEvent() wake successfully from the empty queue eventList[058a4150:timerEventList]

[INFO]  [EventDispatcher] [2022/05/15 11:04:23] [TID:00000003] [EventBase] PeekEvent() get successfully from the event queue[058a4150:timerEventList]

[INFO]  [EventDispatcher] [2022/05/15 11:04:23] [TID:00000003] [eventMain] eventCode [1], what[-1]
[INFO]  [EventDispatcher] [2022/05/15 11:04:33] [TID:00000038] [EventDispatcher] AddEvent() start eventCode[1] receiver[058a9470]

[INFO]  [EventDispatcher] [2022/05/15 11:04:33] [TID:00000038] [EventDispatcher] AddEvent() signaled

[INFO]  [EventDispatcher] [2022/05/15 11:04:33] [TID:00000038] [EventDispatcher] AddEvent() out handled[1]

[INFO]  [EventDispatcher] [2022/05/15 11:04:33] [TID:00000003] [EventBase] PeekEvent() wake successfully from the empty queue eventList[058a4150:timerEventList]

[INFO]  [EventDispatcher] [2022/05/15 11:04:33] [TID:00000003] [EventBase] PeekEvent() get successfully from the event queue[058a4150:timerEventList]

[INFO]  [EventDispatcher] [2022/05/15 11:04:33] [TID:00000003] [eventMain] eventCode [1], what[-1]
[INFO]  [EventDispatcher] [2022/05/15 11:04:43] [TID:00000038] [EventDispatcher] AddEvent() start eventCode[1] receiver[058a9470]

[INFO]  [EventDispatcher] [2022/05/15 11:04:43] [TID:00000038] [EventDispatcher] AddEvent() signaled

[INFO]  [EventDispatcher] [2022/05/15 11:04:43] [TID:00000038] [EventDispatcher] AddEvent() out handled[1]

[INFO]  [EventDispatcher] [2022/05/15 11:04:43] [TID:00000003] [EventBase] PeekEvent() wake successfully from the empty queue eventList[058a4150:timerEventList]

[INFO]  [EventDispatcher] [2022/05/15 11:04:43] [TID:00000003] [EventBase] PeekEvent() get successfully from the event queue[058a4150:timerEventList]

[INFO]  [EventDispatcher] [2022/05/15 11:04:43] [TID:00000003] [eventMain] eventCode [1], what[-1]
[INFO]  [EventDispatcher] [2022/05/15 11:04:53] [TID:00000038] [EventDispatcher] AddEvent() start eventCode[1] receiver[058a9470]

[INFO]  [EventDispatcher] [2022/05/15 11:04:53] [TID:00000038] [EventDispatcher] AddEvent() signaled

[INFO]  [EventDispatcher] [2022/05/15 11:04:53] [TID:00000038] [EventDispatcher] AddEvent() out handled[1]

[INFO]  [EventDispatcher] [2022/05/15 11:04:53] [TID:00000003] [EventBase] PeekEvent() wake successfully from the empty queue eventList[058a4150:timerEventList]

[INFO]  [EventDispatcher] [2022/05/15 11:04:53] [TID:00000003] [EventBase] PeekEvent() get successfully from the event queue[058a4150:timerEventList]

[INFO]  [EventDispatcher] [2022/05/15 11:04:53] [TID:00000003] [eventMain] eventCode [1], what[-1]
[INFO]  [EventDispatcher] [2022/05/15 11:05:03] [TID:00000038] [EventDispatcher] AddEvent() start eventCode[1] receiver[058a9470]

[INFO]  [EventDispatcher] [2022/05/15 11:05:03] [TID:00000038] [EventDispatcher] AddEvent() signaled

[INFO]  [EventDispatcher] [2022/05/15 11:05:03] [TID:00000038] [EventDispatcher] AddEvent() out handled[1]

[INFO]  [EventDispatcher] [2022/05/15 11:05:03] [TID:00000003] [EventBase] PeekEvent() wake successfully from the empty queue eventList[058a4150:timerEventList]

[INFO]  [EventDispatcher] [2022/05/15 11:05:03] [TID:00000003] [EventBase] PeekEvent() get successfully from the event queue[058a4150:timerEventList]

[INFO]  [EventDispatcher] [2022/05/15 11:05:03] [TID:00000003] [eventMain] eventCode [1], what[-1]
[INFO]  [EventDispatcher] [2022/05/15 11:05:13] [TID:00000038] [EventDispatcher] AddEvent() start eventCode[1] receiver[058a9470]

[INFO]  [EventDispatcher] [2022/05/15 11:05:13] [TID:00000038] [EventDispatcher] AddEvent() signaled

[INFO]  [EventDispatcher] [2022/05/15 11:05:13] [TID:00000038] [EventDispatcher] AddEvent() out handled[1]

[INFO]  [EventDispatcher] [2022/05/15 11:05:13] [TID:00000003] [EventBase] PeekEvent() wake successfully from the empty queue eventList[058a4150:timerEventList]

[INFO]  [EventDispatcher] [2022/05/15 11:05:13] [TID:00000003] [EventBase] PeekEvent() get successfully from the event queue[058a4150:timerEventList]

[INFO]  [EventDispatcher] [2022/05/15 11:05:13] [TID:00000003] [eventMain] eventCode [1], what[-1]
[INFO]  [EventDispatcher] [2022/05/15 11:05:24] [TID:00000038] [EventDispatcher] AddEvent() start eventCode[1] receiver[058a9470]

[INFO]  [EventDispatcher] [2022/05/15 11:05:24] [TID:00000038] [EventDispatcher] AddEvent() signaled

[INFO]  [EventDispatcher] [2022/05/15 11:05:24] [TID:00000038] [EventDispatcher] AddEvent() out handled[1]

[INFO]  [EventDispatcher] [2022/05/15 11:05:24] [TID:00000003] [EventBase] PeekEvent() wake successfully from the empty queue eventList[058a4150:timerEventList]

[INFO]  [EventDispatcher] [2022/05/15 11:05:24] [TID:00000003] [EventBase] PeekEvent() get successfully from the event queue[058a4150:timerEventList]

[INFO]  [EventDispatcher] [2022/05/15 11:05:24] [TID:00000003] [eventMain] eventCode [1], what[-1]
[INFO]  [EventDispatcher] [2022/05/15 11:05:34] [TID:00000038] [EventDispatcher] AddEvent() start eventCode[1] receiver[058a9470]

[INFO]  [EventDispatcher] [2022/05/15 11:05:34] [TID:00000038] [EventDispatcher] AddEvent() signaled

[INFO]  [EventDispatcher] [2022/05/15 11:05:34] [TID:00000038] [EventDispatcher] AddEvent() out handled[1]

[INFO]  [EventDispatcher] [2022/05/15 11:05:34] [TID:00000003] [EventBase] PeekEvent() wake successfully from the empty queue eventList[058a4150:timerEventList]

[INFO]  [EventDispatcher] [2022/05/15 11:05:34] [TID:00000003] [EventBase] PeekEvent() get successfully from the event queue[058a4150:timerEventList]

[INFO]  [EventDispatcher] [2022/05/15 11:05:34] [TID:00000003] [eventMain] eventCode [1], what[-1]
[INFO]  [EventDispatcher] [2022/05/15 11:05:44] [TID:00000038] [EventDispatcher] AddEvent() start eventCode[1] receiver[058a9470]

[INFO]  [EventDispatcher] [2022/05/15 11:05:44] [TID:00000038] [EventDispatcher] AddEvent() signaled

[INFO]  [EventDispatcher] [2022/05/15 11:05:44] [TID:00000038] [EventDispatcher] AddEvent() out handled[1]

[INFO]  [EventDispatcher] [2022/05/15 11:05:44] [TID:00000003] [EventBase] PeekEvent() wake successfully from the empty queue eventList[058a4150:timerEventList]

[INFO]  [EventDispatcher] [2022/05/15 11:05:44] [TID:00000003] [EventBase] PeekEvent() get successfully from the event queue[058a4150:timerEventList]

[INFO]  [EventDispatcher] [2022/05/15 11:05:44] [TID:00000003] [eventMain] eventCode [1], what[-1]
[INFO]  [EventDispatcher] [2022/05/15 11:05:54] [TID:00000038] [EventDispatcher] AddEvent() start eventCode[1] receiver[058a9470]

[INFO]  [EventDispatcher] [2022/05/15 11:05:54] [TID:00000038] [EventDispatcher] AddEvent() signaled

[INFO]  [EventDispatcher] [2022/05/15 11:05:54] [TID:00000038] [EventDispatcher] AddEvent() out handled[1]

[INFO]  [EventDispatcher] [2022/05/15 11:05:54] [TID:00000003] [EventBase] PeekEvent() wake successfully from the empty queue eventList[058a4150:timerEventList]

[INFO]  [EventDispatcher] [2022/05/15 11:05:54] [TID:00000003] [EventBase] PeekEvent() get successfully from the event queue[058a4150:timerEventList]

[INFO]  [EventDispatcher] [2022/05/15 11:05:54] [TID:00000003] [eventMain] eventCode [1], what[-1]
[INFO]  [EventDispatcher] [2022/05/15 11:06:04] [TID:00000038] [EventDispatcher] AddEvent() start eventCode[1] receiver[058a9470]

[INFO]  [EventDispatcher] [2022/05/15 11:06:04] [TID:00000038] [EventDispatcher] AddEvent() signaled

[INFO]  [EventDispatcher] [2022/05/15 11:06:04] [TID:00000038] [EventDispatcher] AddEvent() out handled[1]

[INFO]  [EventDispatcher] [2022/05/15 11:06:04] [TID:00000003] [EventBase] PeekEvent() wake successfully from the empty queue eventList[058a4150:timerEventList]

[INFO]  [EventDispatcher] [2022/05/15 11:06:04] [TID:00000003] [EventBase] PeekEvent() get successfully from the event queue[058a4150:timerEventList]

[INFO]  [EventDispatcher] [2022/05/15 11:06:04] [TID:00000003] [eventMain] eventCode [1], what[-1]
[INFO]  [EventDispatcher] [2022/05/15 11:06:14] [TID:00000038] [EventDispatcher] AddEvent() start eventCode[1] receiver[058a9470]

[INFO]  [EventDispatcher] [2022/05/15 11:06:14] [TID:00000038] [EventDispatcher] AddEvent() signaled

[INFO]  [EventDispatcher] [2022/05/15 11:06:14] [TID:00000038] [EventDispatcher] AddEvent() out handled[1]

[INFO]  [EventDispatcher] [2022/05/15 11:06:14] [TID:00000003] [EventBase] PeekEvent() wake successfully from the empty queue eventList[058a4150:timerEventList]

[INFO]  [EventDispatcher] [2022/05/15 11:06:14] [TID:00000003] [EventBase] PeekEvent() get successfully from the event queue[058a4150:timerEventList]

[INFO]  [EventDispatcher] [2022/05/15 11:06:14] [TID:00000003] [eventMain] eventCode [1], what[-1]
[INFO]  [EventDispatcher] [2022/05/15 11:06:24] [TID:00000038] [EventDispatcher] AddEvent() start eventCode[1] receiver[058a9470]

[INFO]  [EventDispatcher] [2022/05/15 11:06:24] [TID:00000038] [EventDispatcher] AddEvent() signaled

[INFO]  [EventDispatcher] [2022/05/15 11:06:24] [TID:00000038] [EventDispatcher] AddEvent() out handled[1]

[INFO]  [EventDispatcher] [2022/05/15 11:06:24] [TID:00000003] [EventBase] PeekEvent() wake successfully from the empty queue eventList[058a4150:timerEventList]

[INFO]  [EventDispatcher] [2022/05/15 11:06:24] [TID:00000003] [EventBase] PeekEvent() get successfully from the event queue[058a4150:timerEventList]

[INFO]  [EventDispatcher] [2022/05/15 11:06:24] [TID:00000003] [eventMain] eventCode [1], what[-1]
[INFO]  [EventDispatcher] [2022/05/15 11:06:34] [TID:00000038] [EventDispatcher] AddEvent() start eventCode[1] receiver[058a9470]

[INFO]  [EventDispatcher] [2022/05/15 11:06:34] [TID:00000038] [EventDispatcher] AddEvent() signaled

[INFO]  [EventDispatcher] [2022/05/15 11:06:34] [TID:00000038] [EventDispatcher] AddEvent() out handled[1]

[INFO]  [EventDispatcher] [2022/05/15 11:06:34] [TID:00000003] [EventBase] PeekEvent() wake successfully from the empty queue eventList[058a4150:timerEventList]

[INFO]  [EventDispatcher] [2022/05/15 11:06:34] [TID:00000003] [EventBase] PeekEvent() get successfully from the event queue[058a4150:timerEventList]

[INFO]  [EventDispatcher] [2022/05/15 11:06:34] [TID:00000003] [eventMain] eventCode [1], what[-1]
[INFO]  [EventDispatcher] [2022/05/15 11:06:44] [TID:00000038] [EventDispatcher] AddEvent() start eventCode[1] receiver[058a9470]

[INFO]  [EventDispatcher] [2022/05/15 11:06:44] [TID:00000038] [EventDispatcher] AddEvent() signaled

[INFO]  [EventDispatcher] [2022/05/15 11:06:44] [TID:00000038] [EventDispatcher] AddEvent() out handled[1]

[INFO]  [EventDispatcher] [2022/05/15 11:06:44] [TID:00000003] [EventBase] PeekEvent() wake successfully from the empty queue eventList[058a4150:timerEventList]

[INFO]  [EventDispatcher] [2022/05/15 11:06:44] [TID:00000003] [EventBase] PeekEvent() get successfully from the event queue[058a4150:timerEventList]

[INFO]  [EventDispatcher] [2022/05/15 11:06:44] [TID:00000003] [eventMain] eventCode [1], what[-1]
[INFO]  [EventDispatcher] [2022/05/15 11:06:54] [TID:00000038] [EventDispatcher] AddEvent() start eventCode[1] receiver[058a9470]

[INFO]  [EventDispatcher] [2022/05/15 11:06:54] [TID:00000038] [EventDispatcher] AddEvent() signaled

[INFO]  [EventDispatcher] [2022/05/15 11:06:54] [TID:00000038] [EventDispatcher] AddEvent() out handled[1]

[INFO]  [EventDispatcher] [2022/05/15 11:06:54] [TID:00000003] [EventBase] PeekEvent() wake successfully from the empty queue eventList[058a4150:timerEventList]

[INFO]  [EventDispatcher] [2022/05/15 11:06:54] [TID:00000003] [EventBase] PeekEvent() get successfully from the event queue[058a4150:timerEventList]

[INFO]  [EventDispatcher] [2022/05/15 11:06:54] [TID:00000003] [eventMain] eventCode [1], what[-1]
[INFO]  [EventDispatcher] [2022/05/15 11:07:04] [TID:00000038] [EventDispatcher] AddEvent() start eventCode[1] receiver[058a9470]

[INFO]  [EventDispatcher] [2022/05/15 11:07:04] [TID:00000038] [EventDispatcher] AddEvent() signaled

[INFO]  [EventDispatcher] [2022/05/15 11:07:04] [TID:00000038] [EventDispatcher] AddEvent() out handled[1]

[INFO]  [EventDispatcher] [2022/05/15 11:07:04] [TID:00000003] [EventBase] PeekEvent() wake successfully from the empty queue eventList[058a4150:timerEventList]

[INFO]  [EventDispatcher] [2022/05/15 11:07:04] [TID:00000003] [EventBase] PeekEvent() get successfully from the event queue[058a4150:timerEventList]

[INFO]  [EventDispatcher] [2022/05/15 11:07:04] [TID:00000003] [eventMain] eventCode [1], what[-1]
[INFO]  [EventDispatcher] [2022/05/15 11:07:14] [TID:00000038] [EventDispatcher] AddEvent() start eventCode[1] receiver[058a9470]

[INFO]  [EventDispatcher] [2022/05/15 11:07:14] [TID:00000038] [EventDispatcher] AddEvent() signaled

[INFO]  [EventDispatcher] [2022/05/15 11:07:14] [TID:00000038] [EventDispatcher] AddEvent() out handled[1]

[INFO]  [EventDispatcher] [2022/05/15 11:07:14] [TID:00000003] [EventBase] PeekEvent() wake successfully from the empty queue eventList[058a4150:timerEventList]

[INFO]  [EventDispatcher] [2022/05/15 11:07:14] [TID:00000003] [EventBase] PeekEvent() get successfully from the event queue[058a4150:timerEventList]

[INFO]  [EventDispatcher] [2022/05/15 11:07:14] [TID:00000003] [eventMain] eventCode [1], what[-1]
[INFO]  [EventDispatcher] [2022/05/15 11:07:24] [TID:00000038] [EventDispatcher] AddEvent() start eventCode[1] receiver[058a9470]

[INFO]  [EventDispatcher] [2022/05/15 11:07:24] [TID:00000038] [EventDispatcher] AddEvent() signaled

[INFO]  [EventDispatcher] [2022/05/15 11:07:24] [TID:00000038] [EventDispatcher] AddEvent() out handled[1]

[INFO]  [EventDispatcher] [2022/05/15 11:07:24] [TID:00000003] [EventBase] PeekEvent() wake successfully from the empty queue eventList[058a4150:timerEventList]

[INFO]  [EventDispatcher] [2022/05/15 11:07:24] [TID:00000003] [EventBase] PeekEvent() get successfully from the event queue[058a4150:timerEventList]

[INFO]  [EventDispatcher] [2022/05/15 11:07:24] [TID:00000003] [eventMain] eventCode [1], what[-1]
[INFO]  [EventDispatcher] [2022/05/15 11:07:34] [TID:00000038] [EventDispatcher] AddEvent() start eventCode[1] receiver[058a9470]

[INFO]  [EventDispatcher] [2022/05/15 11:07:34] [TID:00000038] [EventDispatcher] AddEvent() signaled

[INFO]  [EventDispatcher] [2022/05/15 11:07:34] [TID:00000038] [EventDispatcher] AddEvent() out handled[1]

[INFO]  [EventDispatcher] [2022/05/15 11:07:34] [TID:00000003] [EventBase] PeekEvent() wake successfully from the empty queue eventList[058a4150:timerEventList]

[INFO]  [EventDispatcher] [2022/05/15 11:07:34] [TID:00000003] [EventBase] PeekEvent() get successfully from the event queue[058a4150:timerEventList]

[INFO]  [EventDispatcher] [2022/05/15 11:07:34] [TID:00000003] [eventMain] eventCode [1], what[-1]
[INFO]  [EventDispatcher] [2022/05/15 11:07:44] [TID:00000038] [EventDispatcher] AddEvent() start eventCode[1] receiver[058a9470]

[INFO]  [EventDispatcher] [2022/05/15 11:07:44] [TID:00000038] [EventDispatcher] AddEvent() signaled

[INFO]  [EventDispatcher] [2022/05/15 11:07:44] [TID:00000038] [EventDispatcher] AddEvent() out handled[1]

[INFO]  [EventDispatcher] [2022/05/15 11:07:44] [TID:00000003] [EventBase] PeekEvent() wake successfully from the empty queue eventList[058a4150:timerEventList]

[INFO]  [EventDispatcher] [2022/05/15 11:07:44] [TID:00000003] [EventBase] PeekEvent() get successfully from the event queue[058a4150:timerEventList]

[INFO]  [EventDispatcher] [2022/05/15 11:07:44] [TID:00000003] [eventMain] eventCode [1], what[-1]
